[debug] [2018-06-17T12:59:55.227Z] ----------------------------------------------------------------------
[debug] [2018-06-17T12:59:55.229Z] Command:       /usr/local/bin/node /usr/local/bin/firebase deploy
[debug] [2018-06-17T12:59:55.229Z] CLI Version:   3.18.2
[debug] [2018-06-17T12:59:55.229Z] Platform:      darwin
[debug] [2018-06-17T12:59:55.229Z] Node Version:  v9.2.1
[debug] [2018-06-17T12:59:55.231Z] Time:          Sun Jun 17 2018 13:59:55 GMT+0100 (BST)
[debug] [2018-06-17T12:59:55.231Z] ----------------------------------------------------------------------
[debug] 
[debug] [2018-06-17T12:59:55.244Z] > command requires scopes: ["email","openid","https://www.googleapis.com/auth/cloudplatformprojects.readonly","https://www.googleapis.com/auth/firebase","https://www.googleapis.com/auth/cloud-platform"]
[debug] [2018-06-17T12:59:55.244Z] > authorizing via signed-in user
[debug] [2018-06-17T12:59:55.246Z] >>> HTTP REQUEST GET https://admin.firebase.com/v1/projects/richardandnatasha-8b2cf  
  
 Sun Jun 17 2018 13:59:55 GMT+0100 (BST)
[debug] [2018-06-17T12:59:55.877Z] <<< HTTP RESPONSE 200
[debug] [2018-06-17T12:59:55.878Z] >>> HTTP REQUEST GET https://admin.firebase.com/v1/database/richardandnatasha-8b2cf/tokens  
  
 Sun Jun 17 2018 13:59:55 GMT+0100 (BST)
[debug] [2018-06-17T12:59:56.396Z] <<< HTTP RESPONSE 200
[info] 
[info] === Deploying to 'richardandnatasha-8b2cf'...
[info] 
[info] i  deploying database, functions, hosting
[info] i  database: checking rules syntax...
[debug] [2018-06-17T12:59:59.331Z] >>> HTTP REQUEST PUT https://richardandnatasha-8b2cf.firebaseio.com/.settings/rules.json?dryRun=true  
 {
  "rules": {
    "notAttending": {
      ".read": "auth != null",
    	".write": true
    },
    ".read": "auth != null",
    ".write": "auth != null"
  }
}
 
 Sun Jun 17 2018 13:59:59 GMT+0100 (BST)
[debug] [2018-06-17T12:59:59.834Z] <<< HTTP RESPONSE 200
[info] ✔  database: rules syntax for database richardandnatasha-8b2cf is valid
[debug] [2018-06-17T12:59:59.835Z] > [functions] package.json contents: {
  "name": "functions",
  "description": "Cloud Functions for Firebase",
  "scripts": {
    "serve": "firebase serve --only functions",
    "shell": "firebase functions:shell",
    "start": "npm run shell",
    "deploy": "firebase deploy --only functions",
    "logs": "firebase functions:log"
  },
  "dependencies": {
    "firebase-admin": "~5.12.0",
    "firebase-functions": "^1.0.1",
    "stripe": "^5.8.0"
  },
  "private": true
}
[info] i  functions: ensuring necessary APIs are enabled...
[debug] [2018-06-17T12:59:59.837Z] >>> HTTP REQUEST GET https://servicemanagement.googleapis.com/v1/services/cloudfunctions.googleapis.com/projectSettings/richardandnatasha-8b2cf?view=CONSUMER_VIEW  
  
 Sun Jun 17 2018 13:59:59 GMT+0100 (BST)
[debug] [2018-06-17T12:59:59.837Z] >>> HTTP REQUEST GET https://servicemanagement.googleapis.com/v1/services/runtimeconfig.googleapis.com/projectSettings/richardandnatasha-8b2cf?view=CONSUMER_VIEW  
  
 Sun Jun 17 2018 13:59:59 GMT+0100 (BST)
[debug] [2018-06-17T13:00:01.310Z] <<< HTTP RESPONSE 200
[debug] [2018-06-17T13:00:01.318Z] <<< HTTP RESPONSE 200
[info] ✔  functions: all necessary APIs are enabled
[debug] [2018-06-17T13:00:01.319Z] >>> HTTP REQUEST GET https://cloudresourcemanager.googleapis.com/v1/projects/richardandnatasha-8b2cf  
  
 Sun Jun 17 2018 14:00:01 GMT+0100 (BST)
[debug] [2018-06-17T13:00:01.987Z] <<< HTTP RESPONSE 200
[debug] [2018-06-17T13:00:01.988Z] >>> HTTP REQUEST GET https://mobilesdk-pa.googleapis.com/v1/projects/439846596058:getServerAppConfig  
  
 Sun Jun 17 2018 14:00:01 GMT+0100 (BST)
[debug] [2018-06-17T13:00:02.536Z] <<< HTTP RESPONSE 200
[info] i  functions: preparing functions directory for uploading...
[debug] [2018-06-17T13:00:02.540Z] >>> HTTP REQUEST GET https://runtimeconfig.googleapis.com/v1beta1/projects/richardandnatasha-8b2cf/configs  
  
 Sun Jun 17 2018 14:00:02 GMT+0100 (BST)
[debug] [2018-06-17T13:00:02.730Z] <<< HTTP RESPONSE 200
[debug] [2018-06-17T13:00:02.731Z] >>> HTTP REQUEST GET https://runtimeconfig.googleapis.com/v1beta1/projects/richardandnatasha-8b2cf/configs/stripe/variables  
  
 Sun Jun 17 2018 14:00:02 GMT+0100 (BST)
[debug] [2018-06-17T13:00:02.902Z] <<< HTTP RESPONSE 200
[debug] [2018-06-17T13:00:02.903Z] >>> HTTP REQUEST GET https://runtimeconfig.googleapis.com/v1beta1/projects/richardandnatasha-8b2cf/configs/stripe/variables/livekey  
  
 Sun Jun 17 2018 14:00:02 GMT+0100 (BST)
[debug] [2018-06-17T13:00:02.904Z] >>> HTTP REQUEST GET https://runtimeconfig.googleapis.com/v1beta1/projects/richardandnatasha-8b2cf/configs/stripe/variables/testkey  
  
 Sun Jun 17 2018 14:00:02 GMT+0100 (BST)
[debug] [2018-06-17T13:00:03.072Z] <<< HTTP RESPONSE 200
[debug] [2018-06-17T13:00:03.104Z] <<< HTTP RESPONSE 200
[info] i  functions: packaged functions (40.31 KB) for uploading
[debug] [2018-06-17T13:00:03.475Z] >>> HTTP REQUEST POST https://cloudfunctions.googleapis.com/v1/projects/richardandnatasha-8b2cf/locations/us-central1/functions:generateUploadUrl  
  
 Sun Jun 17 2018 14:00:03 GMT+0100 (BST)
[debug] [2018-06-17T13:00:03.729Z] <<< HTTP RESPONSE 200
[debug] [2018-06-17T13:00:03.730Z] >>> HTTP REQUEST PUT https://storage.googleapis.com/gcf-upload-us-central1-2337a691-3d4e-473a-a05e-5d77e2df868f/2eb45ad5-e7ea-4217-89bd-7de657378951.zip?GoogleAccessId=service-439846596058@gcf-admin-robot.iam.gserviceaccount.com&Expires=1529242199&Signature=TnpEypKcFD5dLZ6g2p7K53CLhRwyFZA0BM9gGrvvR7sdPJkxEufKVR0nvrAfsXmIbmeCMv2WWQdDVwYWD5Yc7y16joOi14YMxT3NsvP2O6bjnevr0w4vee8qC0dmET%2BQmbElcC%2FdHFNXTsy8ER%2BgzIvqxdtPBAR%2BKKQLBybvKO5JFlyVflgdik6dKEiWA6lgEjp1VraGi%2F1iB91guQvzKPteJ4HhmMHkXRNDu9Eu9sjaDWihOAXHnI%2FKDIo0CjP21q%2BLjXXYumt1c7QFpDonv9hQ01w1wXDc2loNNF%2FGKTooRjHDjUJgcs98aPRzO7rwVYScU6nsS6L8jDSgOiUgNA%3D%3D  
 ReadStream {
  _readableState: 
   ReadableState {
     objectMode: false,
     highWaterMark: 65536,
     buffer: BufferList { head: [Object], tail: [Object], length: 1 },
     length: 41279,
     pipes: null,
     pipesCount: 0,
     flowing: null,
     ended: true,
     endEmitted: false,
     reading: false,
     sync: false,
     needReadable: false,
     emittedReadable: true,
     readableListening: false,
     resumeScheduled: false,
     destroyed: false,
     defaultEncoding: 'utf8',
     awaitDrain: 0,
     readingMore: false,
     decoder: null,
     encoding: null },
  readable: true,
  domain: null,
  _events: { end: [Function] },
  _eventsCount: 1,
  _maxListeners: undefined,
  path: '/var/folders/pd/lfmj0xts6yz9hbkzcrlrr6640000gn/T/firebase-functions-19668HHikHHnBT5X2.zip',
  fd: 19,
  flags: 'r',
  mode: 438,
  start: undefined,
  end: undefined,
  autoClose: true,
  pos: undefined,
  bytesRead: 41279 } 
 Sun Jun 17 2018 14:00:03 GMT+0100 (BST)
[debug] [2018-06-17T13:00:04.039Z] <<< HTTP RESPONSE 200
[info] ✔  functions: functions folder uploaded successfully
[info] i  hosting: preparing public directory for upload...
[debug] [2018-06-17T13:00:15.196Z] >>> HTTP REQUEST PUT https://deploy.firebase.com/v1/hosting/richardandnatasha-8b2cf/uploads/-LFCp9do8f_VNrHzoyGu?fileCount=334&message=  
  
 Sun Jun 17 2018 14:00:15 GMT+0100 (BST)
